modules/pinch-capture/android/build/intermediates/manifest_merge_blame_file/release/manifest-merger-blame-release-report.txt
1<?xml version="1.0" encoding="utf-8"?>
2<manifest xmlns:android="http://schemas.android.com/apk/res/android"
3    package="com.suhasisnice.pinchcapture" >
4
5    <uses-sdk android:minSdkVersion="23" />
6
7    <!--
8      SMS capture. RECEIVE_SMS delivers new messages as they arrive; READ_SMS
9      is only needed for the one-time backfill of recent messages when the user
10      first turns capture on.
11
12      Note: Google Play restricts both permissions to apps that are the
13      device's default SMS handler. This build is intended for sideloading, so
14      that restriction does not apply — but it does rule out Play distribution
15      without either dropping SMS capture or filing a permissions declaration.
16      Notification capture below has no such restriction and covers UPI apps
17      that never send an SMS at all.
18    -->
19    <uses-permission android:name="android.permission.RECEIVE_SMS" />
19-->src\main\AndroidManifest.xml:15:5-70
19-->src\main\AndroidManifest.xml:15:22-67
20    <uses-permission android:name="android.permission.READ_SMS" />
20-->src\main\AndroidManifest.xml:16:5-67
20-->src\main\AndroidManifest.xml:16:22-64
21
22    <application>
22-->src\main\AndroidManifest.xml:18:5-42:19
23        <receiver
23-->src\main\AndroidManifest.xml:19:9-26:20
24            android:name="com.suhasisnice.pinchcapture.SmsReceiver"
24-->src\main\AndroidManifest.xml:20:13-40
25            android:exported="true"
25-->src\main\AndroidManifest.xml:21:13-36
26            android:permission="android.permission.BROADCAST_SMS" >
26-->src\main\AndroidManifest.xml:22:13-66
27            <intent-filter android:priority="999" >
27-->src\main\AndroidManifest.xml:23:13-25:29
27-->src\main\AndroidManifest.xml:23:28-50
28                <action android:name="android.provider.Telephony.SMS_RECEIVED" />
28-->src\main\AndroidManifest.xml:24:17-82
28-->src\main\AndroidManifest.xml:24:25-79
29            </intent-filter>
30        </receiver>
31
32        <!--
33          Reads bank and UPI notifications. The user grants this by hand in
34          system settings; there is no runtime permission dialog for it, which
35          is why the module exposes openNotificationListenerSettings().
36        -->
37        <service
37-->src\main\AndroidManifest.xml:33:9-41:19
38            android:name="com.suhasisnice.pinchcapture.PinchNotificationListener"
38-->src\main\AndroidManifest.xml:34:13-54
39            android:exported="true"
39-->src\main\AndroidManifest.xml:35:13-36
40            android:label="Pinch"
40-->src\main\AndroidManifest.xml:36:13-34
41            android:permission="android.permission.BIND_NOTIFICATION_LISTENER_SERVICE" >
41-->src\main\AndroidManifest.xml:37:13-87
42            <intent-filter>
42-->src\main\AndroidManifest.xml:38:13-40:29
43                <action android:name="android.service.notification.NotificationListenerService" />
43-->src\main\AndroidManifest.xml:39:17-99
43-->src\main\AndroidManifest.xml:39:25-96
44            </intent-filter>
45        </service>
46    </application>
47
48</manifest>